<?xml version="1.0" encoding="UTF-8"?>
<!-- Generated by org.testng.reporters.JUnitXMLReporter -->
<testsuite ignored="2" hostname="Jatinder" failures="0" tests="3" name="Default test" time="37.646" errors="0" timestamp="2024-03-23T23:07:13 MDT">
  <testcase classname="testpac.AmazonTest" name="create" time="6.773"/>
  <testcase classname="testpac.AmazonTest" name="create" time="6.169"/>
  <testcase classname="testpac.AmazonTest" name="create" time="7.742"/>
  <testcase classname="testpac.AmazonTest" name="Signin" time="0.0">
    <ignored/>
  </testcase> <!-- Signin -->
  <testcase classname="testpac.AmazonTest" name="search" time="0.0">
    <ignored/>
  </testcase> <!-- search -->
</testsuite> <!-- Default test -->
