<?xml version="1.0" encoding="UTF-8"?>
<!-- Generated by org.testng.reporters.JUnitXMLReporter -->
<testsuite ignored="0" hostname="Jatinder" failures="0" tests="5" name="TestNG" time="163.031" errors="0" timestamp="2024-03-23T23:22:01 MDT">
  <testcase classname="testpac.AmazonTest" name="Signin" time="47.835"/>
  <testcase classname="testpac.AmazonTest" name="search" time="63.065"/>
  <testcase classname="testpac.AmazonTest" name="create" time="8.348"/>
  <testcase classname="testpac.AmazonTest" name="create" time="6.787"/>
  <testcase classname="testpac.AmazonTest" name="create" time="7.725"/>
</testsuite> <!-- TestNG -->
