<?xml version="1.0" encoding="UTF-8"?>
<!-- Generated by org.testng.reporters.JUnitXMLReporter -->
<testsuite ignored="2" hostname="Jatinder" failures="0" tests="1" name="TestNG(failed)" time="15.181" errors="0" timestamp="2024-03-23T23:16:34 MDT">
  <testcase classname="testpac.AmazonTest" name="create" time="7.725"/>
  <testcase classname="testpac.AmazonTest" name="Signin" time="0.0">
    <ignored/>
  </testcase> <!-- Signin -->
  <testcase classname="testpac.AmazonTest" name="search" time="0.0">
    <ignored/>
  </testcase> <!-- search -->
</testsuite> <!-- TestNG(failed) -->
